# JRE version: Java(TM) SE Runtime Environment (8.0_45-b15) (build 1.8.0_45-b15)
# Java VM: Java HotSpot(TM) 64-Bit Server VM (25.45-b02 mixed mode windows-amd64 compressed oops)
Heap:
 PSYoungGen      total 210432K, used 152812K [0x00000000d5a00000, 0x00000000e3d80000, 0x0000000100000000)
  eden space 200192K, 76% used [0x00000000d5a00000,0x00000000def3b018,0x00000000e1d80000)
  from space 10240K, 0% used [0x00000000e2b80000,0x00000000e2b80000,0x00000000e3580000)
  to   space 14336K, 0% used [0x00000000e1d80000,0x00000000e1d80000,0x00000000e2b80000)
 ParOldGen       total 100352K, used 22436K [0x0000000080e00000, 0x0000000087000000, 0x00000000d5a00000)
  object space 100352K, 22% used [0x0000000080e00000,0x00000000823e91a0,0x0000000087000000)
 Metaspace       used 44709K, capacity 45118K, committed 45568K, reserved 1089536K
  class space    used 5716K, capacity 5805K, committed 5888K, reserved 1048576K
GC Heap History (10 events):
Event: 2.146 GC heap before
{Heap before GC invocations=6 (full 0):
 PSYoungGen      total 71680K, used 13077K [0x00000000d5a00000, 0x00000000dec00000, 0x0000000100000000)
  eden space 66560K, 11% used [0x00000000d5a00000,0x00000000d61cbc20,0x00000000d9b00000)
  from space 5120K, 99% used [0x00000000d9b00000,0x00000000d9ff9858,0x00000000da000000)
  to   space 8192K, 0% used [0x00000000de400000,0x00000000de400000,0x00000000dec00000)
 ParOldGen       total 87552K, used 4597K [0x0000000080e00000, 0x0000000086380000, 0x00000000d5a00000)
  object space 87552K, 5% used [0x0000000080e00000,0x000000008127d598,0x0000000086380000)
 Metaspace       used 20830K, capacity 21006K, committed 21296K, reserved 1069056K
  class space    used 2594K, capacity 2633K, committed 2688K, reserved 1048576K
Event: 2.152 GC heap after
Heap after GC invocations=6 (full 0):
 PSYoungGen      total 141312K, used 6837K [0x00000000d5a00000, 0x00000000dec00000, 0x0000000100000000)
  eden space 133120K, 0% used [0x00000000d5a00000,0x00000000d5a00000,0x00000000ddc00000)
  from space 8192K, 83% used [0x00000000de400000,0x00000000deaad6e8,0x00000000dec00000)
  to   space 8192K, 0% used [0x00000000ddc00000,0x00000000ddc00000,0x00000000de400000)
 ParOldGen       total 87552K, used 4605K [0x0000000080e00000, 0x0000000086380000, 0x00000000d5a00000)
  object space 87552K, 5% used [0x0000000080e00000,0x000000008127f598,0x0000000086380000)
 Metaspace       used 20830K, capacity 21006K, committed 21296K, reserved 1069056K
  class space    used 2594K, capacity 2633K, committed 2688K, reserved 1048576K
}
Event: 2.152 GC heap before
{Heap before GC invocations=7 (full 1):
 PSYoungGen      total 141312K, used 6837K [0x00000000d5a00000, 0x00000000dec00000, 0x0000000100000000)
  eden space 133120K, 0% used [0x00000000d5a00000,0x00000000d5a00000,0x00000000ddc00000)
  from space 8192K, 83% used [0x00000000de400000,0x00000000deaad6e8,0x00000000dec00000)
  to   space 8192K, 0% used [0x00000000ddc00000,0x00000000ddc00000,0x00000000de400000)
 ParOldGen       total 87552K, used 4605K [0x0000000080e00000, 0x0000000086380000, 0x00000000d5a00000)
  object space 87552K, 5% used [0x0000000080e00000,0x000000008127f598,0x0000000086380000)
 Metaspace       used 20830K, capacity 21006K, committed 21296K, reserved 1069056K
  class space    used 2594K, capacity 2633K, committed 2688K, reserved 1048576K
Event: 2.178 GC heap after
Heap after GC invocations=7 (full 1):
 PSYoungGen      total 141312K, used 0K [0x00000000d5a00000, 0x00000000dec00000, 0x0000000100000000)
  eden space 133120K, 0% used [0x00000000d5a00000,0x00000000d5a00000,0x00000000ddc00000)
  from space 8192K, 0% used [0x00000000de400000,0x00000000de400000,0x00000000dec00000)
  to   space 8192K, 0% used [0x00000000ddc00000,0x00000000ddc00000,0x00000000de400000)
 ParOldGen       total 57856K, used 7248K [0x0000000080e00000, 0x0000000084680000, 0x00000000d5a00000)
  object space 57856K, 12% used [0x0000000080e00000,0x0000000081514290,0x0000000084680000)
 Metaspace       used 20830K, capacity 21006K, committed 21296K, reserved 1069056K
  class space    used 2594K, capacity 2633K, committed 2688K, reserved 1048576K
}
Event: 3.112 GC heap before
{Heap before GC invocations=8 (full 1):
 PSYoungGen      total 141312K, used 133120K [0x00000000d5a00000, 0x00000000dec00000, 0x0000000100000000)
  eden space 133120K, 100% used [0x00000000d5a00000,0x00000000ddc00000,0x00000000ddc00000)
  from space 8192K, 0% used [0x00000000de400000,0x00000000de400000,0x00000000dec00000)
  to   space 8192K, 0% used [0x00000000ddc00000,0x00000000ddc00000,0x00000000de400000)
 ParOldGen       total 57856K, used 7248K [0x0000000080e00000, 0x0000000084680000, 0x00000000d5a00000)
  object space 57856K, 12% used [0x0000000080e00000,0x0000000081514290,0x0000000084680000)
 Metaspace       used 25813K, capacity 26034K, committed 26368K, reserved 1073152K
  class space    used 3219K, capacity 3263K, committed 3328K, reserved 1048576K
Event: 3.120 GC heap after
Heap after GC invocations=8 (full 1):
 PSYoungGen      total 141312K, used 8187K [0x00000000d5a00000, 0x00000000e3580000, 0x0000000100000000)
  eden space 133120K, 0% used [0x00000000d5a00000,0x00000000d5a00000,0x00000000ddc00000)
  from space 8192K, 99% used [0x00000000ddc00000,0x00000000de3fef28,0x00000000de400000)
  to   space 10240K, 0% used [0x00000000e2b80000,0x00000000e2b80000,0x00000000e3580000)
 ParOldGen       total 57856K, used 9657K [0x0000000080e00000, 0x0000000084680000, 0x00000000d5a00000)
  object space 57856K, 16% used [0x0000000080e00000,0x000000008176e6a0,0x0000000084680000)
 Metaspace       used 25813K, capacity 26034K, committed 26368K, reserved 1073152K
  class space    used 3219K, capacity 3263K, committed 3328K, reserved 1048576K
}
Event: 4.060 GC heap before
{Heap before GC invocations=9 (full 1):
 PSYoungGen      total 141312K, used 101318K [0x00000000d5a00000, 0x00000000e3580000, 0x0000000100000000)
  eden space 133120K, 69% used [0x00000000d5a00000,0x00000000db4f2c28,0x00000000ddc00000)
  from space 8192K, 99% used [0x00000000ddc00000,0x00000000de3fef28,0x00000000de400000)
  to   space 10240K, 0% used [0x00000000e2b80000,0x00000000e2b80000,0x00000000e3580000)
 ParOldGen       total 57856K, used 9657K [0x0000000080e00000, 0x0000000084680000, 0x00000000d5a00000)
  object space 57856K, 16% used [0x0000000080e00000,0x000000008176e6a0,0x0000000084680000)
 Metaspace       used 34880K, capacity 35146K, committed 35496K, reserved 1081344K
  class space    used 4410K, capacity 4481K, committed 4608K, reserved 1048576K
Event: 4.073 GC heap after
Heap after GC invocations=9 (full 1):
 PSYoungGen      total 210432K, used 10209K [0x00000000d5a00000, 0x00000000e3d80000, 0x0000000100000000)
  eden space 200192K, 0% used [0x00000000d5a00000,0x00000000d5a00000,0x00000000e1d80000)
  from space 10240K, 99% used [0x00000000e2b80000,0x00000000e35784a0,0x00000000e3580000)
  to   space 14336K, 0% used [0x00000000e1d80000,0x00000000e1d80000,0x00000000e2b80000)
 ParOldGen       total 57856K, used 16069K [0x0000000080e00000, 0x0000000084680000, 0x00000000d5a00000)
  object space 57856K, 27% used [0x0000000080e00000,0x0000000081db14a8,0x0000000084680000)
 Metaspace       used 34880K, capacity 35146K, committed 35496K, reserved 1081344K
  class space    used 4410K, capacity 4481K, committed 4608K, reserved 1048576K
}
Event: 4.073 GC heap before
{Heap before GC invocations=10 (full 2):
 PSYoungGen      total 210432K, used 10209K [0x00000000d5a00000, 0x00000000e3d80000, 0x0000000100000000)
  eden space 200192K, 0% used [0x00000000d5a00000,0x00000000d5a00000,0x00000000e1d80000)
  from space 10240K, 99% used [0x00000000e2b80000,0x00000000e35784a0,0x00000000e3580000)
  to   space 14336K, 0% used [0x00000000e1d80000,0x00000000e1d80000,0x00000000e2b80000)
 ParOldGen       total 57856K, used 16069K [0x0000000080e00000, 0x0000000084680000, 0x00000000d5a00000)
  object space 57856K, 27% used [0x0000000080e00000,0x0000000081db14a8,0x0000000084680000)
 Metaspace       used 34880K, capacity 35146K, committed 35496K, reserved 1081344K
  class space    used 4410K, capacity 4481K, committed 4608K, reserved 1048576K
Event: 4.105 GC heap after
Heap after GC invocations=10 (full 2):
 PSYoungGen      total 210432K, used 0K [0x00000000d5a00000, 0x00000000e3d80000, 0x0000000100000000)
  eden space 200192K, 0% used [0x00000000d5a00000,0x00000000d5a00000,0x00000000e1d80000)
  from space 10240K, 0% used [0x00000000e2b80000,0x00000000e2b80000,0x00000000e3580000)
  to   space 14336K, 0% used [0x00000000e1d80000,0x00000000e1d80000,0x00000000e2b80000)
 ParOldGen       total 100352K, used 22436K [0x0000000080e00000, 0x0000000087000000, 0x00000000d5a00000)
  object space 100352K, 22% used [0x0000000080e00000,0x00000000823e91a0,0x0000000087000000)
 Metaspace       used 34880K, capacity 35146K, committed 35496K, reserved 1081344K
  class space    used 4410K, capacity 4481K, committed 4608K, reserved 1048576K
}

